<?xml version="1.0" encoding="UTF-8"?>
<testng-results ignored="0" total="2" passed="2" failed="0" skipped="0">
  <reporter-output>
  </reporter-output>
  <suite started-at="2022-12-05T11:38:06 IST" name="Default suite" finished-at="2022-12-05T11:38:46 IST" duration-ms="40276">
    <groups>
    </groups>
    <test started-at="2022-12-05T11:38:06 IST" name="Default test" finished-at="2022-12-05T11:38:46 IST" duration-ms="40276">
      <class name="Apitesting.Apitesting">
        <test-method signature="post_get()[pri:0, instance:Apitesting.Apitesting@a9cd3b1]" started-at="2022-12-05T11:38:06 IST" name="post_get" finished-at="2022-12-05T11:38:45 IST" duration-ms="38413" status="PASS">
          <reporter-output>
          </reporter-output>
        </test-method> <!-- post_get -->
        <test-method signature="statucode()[pri:0, instance:Apitesting.Apitesting@a9cd3b1]" started-at="2022-12-05T11:38:45 IST" name="statucode" finished-at="2022-12-05T11:38:46 IST" duration-ms="1487" status="PASS">
          <reporter-output>
          </reporter-output>
        </test-method> <!-- statucode -->
      </class> <!-- Apitesting.Apitesting -->
    </test> <!-- Default test -->
  </suite> <!-- Default suite -->
</testng-results>
